<?xml version="1.0" encoding="UTF-8"?>
<!-- Generated by org.testng.reporters.JUnitReportReporter -->
<testsuite skipped="0" hostname="LAPTOP-MUSTAFA" name="com.automation.testcases.ExamplePriorityAndDependencyTest" tests="5" failures="0" timestamp="2023-05-07T21:27:39 CDT" time="0.011" errors="0">
  <testcase name="test5" time="0.000" classname="com.automation.testcases.ExamplePriorityAndDependencyTest"/>
  <system-out/>
  <testcase name="test1" time="0.011" classname="com.automation.testcases.ExamplePriorityAndDependencyTest"/>
  <system-out/>
  <testcase name="test2" time="0.000" classname="com.automation.testcases.ExamplePriorityAndDependencyTest"/>
  <system-out/>
  <testcase name="test3" time="0.000" classname="com.automation.testcases.ExamplePriorityAndDependencyTest"/>
  <system-out/>
  <testcase name="test4" time="0.000" classname="com.automation.testcases.ExamplePriorityAndDependencyTest"/>
  <system-out/>
</testsuite> <!-- com.automation.testcases.ExamplePriorityAndDependencyTest -->
