<?xml version="1.0" encoding="UTF-8"?>
<!-- Generated by org.testng.reporters.JUnitReportReporter -->
<testsuite skipped="0" hostname="LAPTOP-MUSTAFA" name="com.automation.testcases.DataDrivenTest" tests="8" failures="0" timestamp="2023-05-08T00:05:06 CDT" time="0.006" errors="0">
  <testcase name="verifyLoginUnsuccessfulWithInvalidCredentials" time="0.001" classname="com.automation.testcases.DataDrivenTest"/>
  <system-out/>
  <testcase name="verifyLoginUnsuccessfulWithInvalidCredentials" time="0.000" classname="com.automation.testcases.DataDrivenTest"/>
  <system-out/>
  <testcase name="verifyLoginUnsuccessfulWithInvalidCredentials" time="0.000" classname="com.automation.testcases.DataDrivenTest"/>
  <system-out/>
  <testcase name="verifyLoginUnsuccessfulWithInvalidCredentials" time="0.000" classname="com.automation.testcases.DataDrivenTest"/>
  <system-out/>
  <testcase name="verifyLoginUnsuccessfulWithInvalidCredentials" time="0.000" classname="com.automation.testcases.DataDrivenTest"/>
  <system-out/>
  <testcase name="verifyLoginUnsuccessfulWithInvalidCredentials" time="0.005" classname="com.automation.testcases.DataDrivenTest"/>
  <system-out/>
  <testcase name="verifyLoginUnsuccessfulWithInvalidCredentials" time="0.000" classname="com.automation.testcases.DataDrivenTest"/>
  <system-out/>
  <testcase name="verifyLoginUnsuccessfulWithInvalidCredentials" time="0.000" classname="com.automation.testcases.DataDrivenTest"/>
  <system-out/>
</testsuite> <!-- com.automation.testcases.DataDrivenTest -->
