<?xml version="1.0" encoding="UTF-8"?>
<!-- Generated by org.testng.reporters.JUnitReportReporter -->
<testsuite skipped="0" hostname="LAPTOP-MUSTAFA" name="com.automation.testcases.CartPageTest" tests="3" failures="0" timestamp="2023-05-01T23:40:31 CDT" time="0.003" errors="0">
  <testcase name="verifyUserCanAddProductToCart" time="0.001" classname="com.automation.testcases.CartPageTest"/>
  <system-out/>
  <testcase name="verifyUserCanChangeQuantityOfItem" time="0.000" classname="com.automation.testcases.CartPageTest"/>
  <system-out/>
  <testcase name="verifyUserCanRemoveProductFromCart" time="0.002" classname="com.automation.testcases.CartPageTest"/>
  <system-out/>
</testsuite> <!-- com.automation.testcases.CartPageTest -->
