<?xml version="1.0" encoding="UTF-8"?>
<!-- Generated by org.testng.reporters.JUnitReportReporter -->
<testsuite skipped="0" hostname="LAPTOP-MUSTAFA" name="com.automation.testcases.LoginTest" tests="3" failures="0" timestamp="2023-05-01T23:40:31 CDT" time="0.003" errors="0">
  <testcase name="verifyUserCanLogin" time="0.000" classname="com.automation.testcases.LoginTest"/>
  <system-out/>
  <testcase name="verifyUserCanNotLoginWithInvalidCredentials" time="0.002" classname="com.automation.testcases.LoginTest"/>
  <system-out/>
  <testcase name="verifyUserCanResetPassword" time="0.001" classname="com.automation.testcases.LoginTest"/>
  <system-out/>
</testsuite> <!-- com.automation.testcases.LoginTest -->
