<?xml version="1.0" encoding="UTF-8"?>
<!-- Generated by org.testng.reporters.JUnitReportReporter -->
<testsuite skipped="0" hostname="LAPTOP-MUSTAFA" name="com.automation.testcases.SearchFunctionalityTest" tests="3" failures="0" timestamp="2023-05-01T23:40:31 CDT" time="0.001" errors="0">
  <testcase name="verifyMessageWhenThereAreNoResult" time="0.001" classname="com.automation.testcases.SearchFunctionalityTest"/>
  <system-out/>
  <testcase name="verifySearchResultHasSearchKeyword" time="0.000" classname="com.automation.testcases.SearchFunctionalityTest"/>
  <system-out/>
  <testcase name="verifySearchResultsAreDisplayed" time="0.000" classname="com.automation.testcases.SearchFunctionalityTest"/>
  <system-out/>
</testsuite> <!-- com.automation.testcases.SearchFunctionalityTest -->
